[2022-12-09 17:42:52] [ INFO ] [PacienteService:26] Se ha iniciado el guardado de un paciente con id: null
[2022-12-09 17:42:52] [ INFO ] [OdontologoService:25] Se ha iniciado el guardado del odontologo con apellido: Bermudez
[2022-12-09 17:42:52] [ INFO ] [TurnoService:60] Se ha iniciado el proceso de guardado del turno con id: null
[2022-12-09 17:42:53] [ WARN ] [TurnoService:84] Se ha inicializado el proceso de listado de todos los turnos en base de datos.
[2022-12-09 17:43:17] [ INFO ] [PacienteService:26] Se ha iniciado el guardado de un paciente con id: null
[2022-12-09 17:43:17] [ INFO ] [OdontologoService:25] Se ha iniciado el guardado del odontologo con apellido: Bermudez
[2022-12-09 17:43:17] [ INFO ] [TurnoService:60] Se ha iniciado el proceso de guardado del turno con id: null
[2022-12-09 17:43:17] [ WARN ] [TurnoService:84] Se ha inicializado el proceso de listado de todos los turnos en base de datos.
[2022-12-11 15:02:42] [ INFO ] [OdontologoService:46] Se ha iniciado la operacino de listar todos los odontologos
[2022-12-11 15:03:04] [ INFO ] [OdontologoService:25] Se ha iniciado el guardado del odontologo con apellido: SinDientes
[2022-12-11 15:03:27] [ INFO ] [OdontologoService:25] Se ha iniciado el guardado del odontologo con apellido: SinDientes
[2022-12-11 15:03:50] [ INFO ] [OdontologoService:25] Se ha iniciado el guardado del odontologo con apellido: Perez
[2022-12-11 15:04:04] [ INFO ] [OdontologoService:25] Se ha iniciado el guardado del odontologo con apellido: DeLosDientes
[2022-12-11 15:04:08] [ INFO ] [OdontologoService:46] Se ha iniciado la operacino de listar todos los odontologos
[2022-12-11 15:12:28] [ INFO ] [OdontologoService:46] Se ha iniciado la operacino de listar todos los odontologos
[2022-12-11 15:12:42] [ INFO ] [OdontologoService:25] Se ha iniciado el guardado del odontologo con apellido: Perez
[2022-12-11 15:13:02] [ INFO ] [OdontologoService:25] Se ha iniciado el guardado del odontologo con apellido: De Los Dientes
[2022-12-11 15:13:07] [ INFO ] [OdontologoService:46] Se ha iniciado la operacino de listar todos los odontologos
[2022-12-11 15:24:36] [ INFO ] [OdontologoService:46] Se ha iniciado la operacino de listar todos los odontologos
[2022-12-11 15:24:44] [ INFO ] [OdontologoService:25] Se ha iniciado el guardado del odontologo con apellido: gasvz
[2022-12-11 15:24:50] [ INFO ] [OdontologoService:46] Se ha iniciado la operacino de listar todos los odontologos
[2022-12-11 15:34:02] [ INFO ] [OdontologoService:25] Se ha iniciado el guardado del odontologo con apellido: aberz
[2022-12-11 15:34:43] [ INFO ] [OdontologoService:25] Se ha iniciado el guardado del odontologo con apellido: ahesg mk
[2022-12-11 15:38:23] [ INFO ] [OdontologoService:25] Se ha iniciado el guardado del odontologo con apellido:  Nn
[2022-12-11 15:38:28] [ INFO ] [OdontologoService:46] Se ha iniciado la operacino de listar todos los odontologos
[2022-12-11 15:39:12] [ INFO ] [OdontologoService:46] Se ha iniciado la operacino de listar todos los odontologos
[2022-12-11 15:49:57] [ INFO ] [OdontologoService:25] Se ha iniciado el guardado del odontologo con apellido: Alzate
[2022-12-11 15:50:01] [ INFO ] [OdontologoService:46] Se ha iniciado la operacino de listar todos los odontologos
[2022-12-11 15:52:30] [ INFO ] [OdontologoService:46] Se ha iniciado la operacino de listar todos los odontologos
[2022-12-11 15:52:41] [ INFO ] [OdontologoService:25] Se ha iniciado el guardado del odontologo con apellido: Alzate
[2022-12-11 15:54:05] [ INFO ] [OdontologoService:25] Se ha iniciado el guardado del odontologo con apellido: Munoz Alzate
[2022-12-11 15:54:17] [ INFO ] [OdontologoService:46] Se ha iniciado la operacino de listar todos los odontologos
[2022-12-11 15:59:45] [ INFO ] [OdontologoService:46] Se ha iniciado la operacino de listar todos los odontologos
[2022-12-11 16:00:17] [ INFO ] [OdontologoService:25] Se ha iniciado el guardado del odontologo con nombre y apellido: MonicaAlzate
[2022-12-11 16:00:37] [ INFO ] [OdontologoService:46] Se ha iniciado la operacino de listar todos los odontologos
[2022-12-11 16:04:26] [ INFO ] [OdontologoService:46] Se ha iniciado la operacino de listar todos los odontologos
[2022-12-11 16:04:33] [ INFO ] [OdontologoService:25] Se ha iniciado el guardado del odontologo con nombre y apellido: MonicaAlzate
[2022-12-11 16:04:39] [ INFO ] [OdontologoService:46] Se ha iniciado la operacino de listar todos los odontologos
[2022-12-11 16:06:04] [ INFO ] [OdontologoService:46] Se ha iniciado la operacino de listar todos los odontologos
[2022-12-11 16:06:19] [ INFO ] [OdontologoService:25] Se ha iniciado el guardado del odontologo con nombre y apellido: MonicaAlzate
[2022-12-11 16:06:23] [ INFO ] [OdontologoService:46] Se ha iniciado la operacino de listar todos los odontologos
[2022-12-11 16:08:07] [ INFO ] [OdontologoService:46] Se ha iniciado la operacino de listar todos los odontologos
[2022-12-11 16:08:14] [ INFO ] [OdontologoService:25] Se ha iniciado el guardado del odontologo con nombre y apellido: MonicaAlzate
[2022-12-11 16:08:19] [ INFO ] [OdontologoService:46] Se ha iniciado la operacino de listar todos los odontologos
[2022-12-11 16:23:49] [ INFO ] [PacienteService:26] Se ha iniciado el guardado de un paciente con id: null
[2022-12-11 16:24:02] [ INFO ] [PacienteService:51] Se estan listando todos lo pacientes.
[2022-12-11 16:24:06] [ INFO ] [PacienteService:30] Se ha iniciado el proceso de busqueda del paciente con id: 1
[2022-12-11 16:24:14] [ INFO ] [PacienteService:30] Se ha iniciado el proceso de busqueda del paciente con id: 1
[2022-12-11 16:24:14] [ INFO ] [PacienteService:34] Se ha iniciado la actualizacion del paciente con id: 1
[2022-12-11 16:24:43] [ INFO ] [PacienteService:26] Se ha iniciado el guardado de un paciente con id: null
[2022-12-11 16:24:52] [ INFO ] [PacienteService:51] Se estan listando todos lo pacientes.
[2022-12-11 16:25:00] [ INFO ] [PacienteService:30] Se ha iniciado el proceso de busqueda del paciente con id: 2
[2022-12-11 16:25:13] [ INFO ] [PacienteService:30] Se ha iniciado el proceso de busqueda del paciente con id: 2
[2022-12-11 16:25:13] [ INFO ] [PacienteService:34] Se ha iniciado la actualizacion del paciente con id: 2
[2022-12-11 16:27:26] [ INFO ] [PacienteService:26] Se ha iniciado el guardado de un paciente con id: null
[2022-12-11 16:27:32] [ INFO ] [PacienteService:51] Se estan listando todos lo pacientes.
[2022-12-11 16:27:44] [ INFO ] [PacienteService:30] Se ha iniciado el proceso de busqueda del paciente con id: 1
[2022-12-11 16:27:56] [ INFO ] [PacienteService:30] Se ha iniciado el proceso de busqueda del paciente con id: 1
[2022-12-11 16:27:56] [ INFO ] [PacienteService:34] Se ha iniciado la actualizacion del paciente con id: 1
[2022-12-11 16:27:56] [ INFO ] [PacienteService:51] Se estan listando todos lo pacientes.
[2022-12-11 16:28:02] [ INFO ] [PacienteService:30] Se ha iniciado el proceso de busqueda del paciente con id: 1
[2022-12-11 16:28:02] [ INFO ] [PacienteService:30] Se ha iniciado el proceso de busqueda del paciente con id: 1
[2022-12-11 16:28:02] [ WARN ] [PacienteService:42] se ha eliminado el paciente con id: 1
[2022-12-11 16:28:59] [ INFO ] [PacienteService:26] Se ha iniciado el guardado de un paciente con id: null
[2022-12-11 16:29:05] [ INFO ] [PacienteService:51] Se estan listando todos lo pacientes.
[2022-12-11 16:29:10] [ INFO ] [PacienteService:30] Se ha iniciado el proceso de busqueda del paciente con id: 2
[2022-12-11 16:29:10] [ INFO ] [PacienteService:30] Se ha iniciado el proceso de busqueda del paciente con id: 2
[2022-12-11 16:29:10] [ WARN ] [PacienteService:42] se ha eliminado el paciente con id: 2
[2022-12-11 16:30:44] [ INFO ] [PacienteService:26] Se ha iniciado el guardado de un paciente con id: null
[2022-12-11 16:30:47] [ INFO ] [PacienteService:51] Se estan listando todos lo pacientes.
[2022-12-11 16:39:31] [ INFO ] [PacienteService:51] Se estan listando todos lo pacientes.
[2022-12-11 16:39:57] [ INFO ] [PacienteService:26] Se ha iniciado el guardado de un paciente con id: null
[2022-12-11 16:43:13] [ INFO ] [PacienteService:26] Se ha iniciado el guardado de un paciente con id: null
[2022-12-11 16:46:38] [ INFO ] [PacienteService:26] Se ha iniciado el guardado de un paciente con id: null
[2022-12-11 16:51:51] [ INFO ] [PacienteService:51] Se estan listando todos lo pacientes.
[2022-12-11 16:51:57] [ INFO ] [PacienteService:30] Se ha iniciado el proceso de busqueda del paciente con id: 1
[2022-12-11 16:51:57] [ INFO ] [PacienteService:30] Se ha iniciado el proceso de busqueda del paciente con id: 1
[2022-12-11 16:51:57] [ WARN ] [PacienteService:42] se ha eliminado el paciente con id: 1
[2022-12-11 16:52:10] [ INFO ] [PacienteService:51] Se estan listando todos lo pacientes.
[2022-12-11 16:53:11] [ INFO ] [OdontologoService:25] Se ha iniciado el guardado del odontologo con nombre y apellido: Monica MariaMunoz Alzate
[2022-12-11 16:53:15] [ INFO ] [OdontologoService:46] Se ha iniciado la operacino de listar todos los odontologos
[2022-12-11 16:53:57] [ INFO ] [OdontologoService:46] Se ha iniciado la operacino de listar todos los odontologos
[2022-12-11 16:55:29] [ INFO ] [PacienteService:26] Se ha iniciado el guardado de un paciente con id: null
[2022-12-11 16:58:17] [ INFO ] [OdontologoService:25] Se ha iniciado el guardado del odontologo con nombre y apellido: Ada deLos Dientes
[2022-12-11 16:58:42] [ INFO ] [OdontologoService:25] Se ha iniciado el guardado del odontologo con nombre y apellido: Raton Perez
[2022-12-11 16:58:48] [ INFO ] [OdontologoService:46] Se ha iniciado la operacino de listar todos los odontologos
[2022-12-11 16:59:28] [ INFO ] [PacienteService:26] Se ha iniciado el guardado de un paciente con id: null
[2022-12-11 17:01:05] [ INFO ] [PacienteService:26] Se ha iniciado el guardado de un paciente con id: null
[2022-12-11 17:01:37] [ INFO ] [PacienteService:51] Se estan listando todos lo pacientes.
[2022-12-11 17:01:41] [ INFO ] [PacienteService:30] Se ha iniciado el proceso de busqueda del paciente con id: 1
[2022-12-11 17:01:55] [ INFO ] [PacienteService:30] Se ha iniciado el proceso de busqueda del paciente con id: 1
[2022-12-11 17:01:55] [ INFO ] [PacienteService:30] Se ha iniciado el proceso de busqueda del paciente con id: 1
[2022-12-11 17:01:55] [ WARN ] [PacienteService:42] se ha eliminado el paciente con id: 1
[2022-12-11 17:02:29] [ INFO ] [PacienteService:51] Se estan listando todos lo pacientes.
[2022-12-11 17:04:12] [ INFO ] [OdontologoService:25] Se ha iniciado el guardado del odontologo con nombre y apellido: MonicaAlzate
[2022-12-11 17:04:37] [ INFO ] [PacienteService:26] Se ha iniciado el guardado de un paciente con id: null
[2022-12-11 17:06:11] [ INFO ] [PacienteService:51] Se estan listando todos lo pacientes.
[2022-12-11 17:06:14] [ INFO ] [PacienteService:30] Se ha iniciado el proceso de busqueda del paciente con id: 1
[2022-12-11 17:06:18] [ INFO ] [PacienteService:30] Se ha iniciado el proceso de busqueda del paciente con id: 1
[2022-12-11 17:06:18] [ INFO ] [PacienteService:30] Se ha iniciado el proceso de busqueda del paciente con id: 1
[2022-12-11 17:06:18] [ WARN ] [PacienteService:42] se ha eliminado el paciente con id: 1
[2022-12-11 17:08:05] [ INFO ] [PacienteService:51] Se estan listando todos lo pacientes.
[2022-12-11 17:11:02] [ INFO ] [PacienteService:26] Se ha iniciado el guardado de un paciente con id: null
[2022-12-11 17:11:23] [ INFO ] [OdontologoService:25] Se ha iniciado el guardado del odontologo con nombre y apellido: Monica MariaMunoz Alzate
[2022-12-11 17:13:12] [ INFO ] [OdontologoService:25] Se ha iniciado el guardado del odontologo con nombre y apellido: MonicaAlzate
[2022-12-11 17:13:33] [ INFO ] [PacienteService:26] Se ha iniciado el guardado. 
[2022-12-11 17:19:28] [ INFO ] [OdontologoService:25] Se ha iniciado el guardado del odontologo con nombre y apellido: MonicaAlzate
[2022-12-11 17:19:43] [ INFO ] [PacienteService:26] Se ha iniciado el guardado. 
[2022-12-11 17:48:37] [ INFO ] [OdontologoService:25] Se ha iniciado el guardado del odontologo con nombre y apellido: MonicaAlzate
[2022-12-11 17:48:54] [ INFO ] [PacienteService:26] Se ha iniciado el guardado. 
[2022-12-11 18:00:10] [ INFO ] [OdontologoService:25] Se ha iniciado el guardado del odontologo con nombre y apellido: MonicaAlzate
[2022-12-11 18:00:25] [ INFO ] [PacienteService:26] Se ha iniciado el guardado. 
[2022-12-11 18:00:36] [ INFO ] [PacienteService:31] Se ha iniciado el proceso de busqueda del paciente con id: 1
[2022-12-11 18:00:36] [ INFO ] [TurnoService:60] Se ha iniciado el proceso de guardado del turno con id: null
[2022-12-11 18:01:47] [ INFO ] [OdontologoService:25] Se ha iniciado el guardado del odontologo con nombre y apellido: MonicaAlzate
[2022-12-11 18:01:52] [ INFO ] [OdontologoService:46] Se ha iniciado la operacino de listar todos los odontologos
[2022-12-11 18:06:09] [ INFO ] [OdontologoService:46] Se ha iniciado la operacino de listar todos los odontologos
[2022-12-11 18:06:17] [ INFO ] [OdontologoService:25] Se ha iniciado el guardado del odontologo con nombre y apellido: MonicaAlzate
[2022-12-11 18:06:20] [ INFO ] [OdontologoService:46] Se ha iniciado la operacino de listar todos los odontologos
[2022-12-11 18:08:39] [ INFO ] [OdontologoService:47] Se ha iniciado la operacino de listar todos los odontologos
[2022-12-11 18:08:54] [ INFO ] [OdontologoService:25] Se ha iniciado el guardado del odontologo con nombre y apellido: MonicaAlzate
[2022-12-11 18:09:04] [ INFO ] [OdontologoService:47] Se ha iniciado la operacino de listar todos los odontologos
[2022-12-11 18:11:16] [ INFO ] [OdontologoService:25] Se ha iniciado el guardado del odontologo con id, nombre y apellido: nullMonica Alzate
[2022-12-11 18:11:21] [ INFO ] [OdontologoService:47] Se ha iniciado la operacino de listar todos los odontologos
[2022-12-11 18:24:05] [ INFO ] [PacienteService:52] Se estan listando todos lo pacientes.
[2022-12-11 18:24:22] [ INFO ] [PacienteService:26] Se ha iniciado el guardado. 
[2022-12-11 18:24:26] [ INFO ] [PacienteService:52] Se estan listando todos lo pacientes.
[2022-12-11 18:24:29] [ INFO ] [PacienteService:31] Se ha iniciado el proceso de busqueda del paciente con id: 1
[2022-12-11 18:24:35] [ INFO ] [PacienteService:31] Se ha iniciado el proceso de busqueda del paciente con id: 1
[2022-12-11 18:24:35] [ INFO ] [PacienteService:35] Se ha iniciado la actualizacion del paciente con id: 1
[2022-12-11 18:24:35] [ INFO ] [PacienteService:52] Se estan listando todos lo pacientes.
[2022-12-11 18:26:19] [ INFO ] [PacienteService:26] Se ha iniciado el guardado. 
[2022-12-11 18:26:24] [ INFO ] [PacienteService:52] Se estan listando todos lo pacientes.
[2022-12-11 18:26:27] [ INFO ] [PacienteService:31] Se ha iniciado el proceso de busqueda del paciente con id: 1
[2022-12-11 18:26:27] [ INFO ] [PacienteService:31] Se ha iniciado el proceso de busqueda del paciente con id: 1
[2022-12-11 18:26:27] [ WARN ] [PacienteService:43] se ha eliminado el paciente con id: 1
[2022-12-11 18:27:11] [ INFO ] [PacienteService:52] Se estan listando todos lo pacientes.
[2022-12-11 18:31:02] [ INFO ] [PacienteService:52] Se estan listando todos lo pacientes.
[2022-12-11 18:31:12] [ INFO ] [OdontologoService:25] Se ha iniciado el guardado del odontologo con id, nombre y apellido: nullMonica Alzate
[2022-12-11 18:31:16] [ INFO ] [OdontologoService:47] Se ha iniciado la operacino de listar todos los odontologos
[2022-12-11 21:27:32] [ INFO ] [OdontologoService:47] Se ha iniciado la operacino de listar todos los odontologos
[2022-12-11 21:27:40] [ INFO ] [OdontologoService:25] Se ha iniciado el guardado del odontologo con id, nombre y apellido: nullMonica Alzate
[2022-12-11 21:27:44] [ INFO ] [OdontologoService:47] Se ha iniciado la operacino de listar todos los odontologos
[2022-12-11 21:27:48] [ INFO ] [OdontologoService:43] se inicio la busqueda del odontologo con id: 1
[2022-12-11 21:27:57] [ INFO ] [OdontologoService:47] Se ha iniciado la operacino de listar todos los odontologos
[2022-12-11 21:40:41] [ INFO ] [OdontologoService:47] Se ha iniciado la operacino de listar todos los odontologos
[2022-12-11 21:40:48] [ INFO ] [OdontologoService:25] Se ha iniciado el guardado del odontologo con id, nombre y apellido: nullMonica Alzate
[2022-12-11 21:40:56] [ INFO ] [OdontologoService:47] Se ha iniciado la operacino de listar todos los odontologos
[2022-12-11 21:41:01] [ INFO ] [OdontologoService:43] se inicio la busqueda del odontologo con id: 1
[2022-12-11 21:41:11] [ INFO ] [OdontologoService:43] se inicio la busqueda del odontologo con id: 1
[2022-12-11 21:41:11] [ INFO ] [OdontologoService:39] Se ha iniciado la actualizacion del odontologo con id: 1
[2022-12-11 21:41:11] [ INFO ] [OdontologoService:47] Se ha iniciado la operacino de listar todos los odontologos
[2022-12-11 21:42:16] [ INFO ] [OdontologoService:43] se inicio la busqueda del odontologo con id: 1
[2022-12-11 21:42:18] [ INFO ] [OdontologoService:43] se inicio la busqueda del odontologo con id: 1
[2022-12-11 21:46:07] [ INFO ] [OdontologoService:47] Se ha iniciado la operacino de listar todos los odontologos
[2022-12-11 21:46:14] [ INFO ] [OdontologoService:25] Se ha iniciado el guardado del odontologo con id, nombre y apellido: nullMonica Alzate
[2022-12-11 21:46:19] [ INFO ] [OdontologoService:47] Se ha iniciado la operacino de listar todos los odontologos
[2022-12-11 21:46:24] [ INFO ] [OdontologoService:43] se inicio la busqueda del odontologo con id: 1
[2022-12-11 21:47:20] [ INFO ] [OdontologoService:47] Se ha iniciado la operacino de listar todos los odontologos
[2022-12-11 21:47:48] [ INFO ] [OdontologoService:47] Se ha iniciado la operacino de listar todos los odontologos
[2022-12-11 21:47:55] [ INFO ] [OdontologoService:25] Se ha iniciado el guardado del odontologo con id, nombre y apellido: nullMonica Alzate
[2022-12-11 21:48:00] [ INFO ] [OdontologoService:47] Se ha iniciado la operacino de listar todos los odontologos
[2022-12-11 21:50:40] [ INFO ] [OdontologoService:47] Se ha iniciado la operacino de listar todos los odontologos
[2022-12-11 21:50:46] [ INFO ] [OdontologoService:25] Se ha iniciado el guardado del odontologo con id, nombre y apellido: nullMonica Alzate
[2022-12-11 21:50:49] [ INFO ] [OdontologoService:47] Se ha iniciado la operacino de listar todos los odontologos
[2022-12-11 21:50:52] [ INFO ] [OdontologoService:43] se inicio la busqueda del odontologo con id: 1
[2022-12-11 21:50:56] [ INFO ] [OdontologoService:43] se inicio la busqueda del odontologo con id: 1
[2022-12-11 21:50:56] [ INFO ] [OdontologoService:39] Se ha iniciado la actualizacion del odontologo con id: 1
[2022-12-11 21:50:56] [ INFO ] [OdontologoService:47] Se ha iniciado la operacino de listar todos los odontologos
[2022-12-11 21:50:59] [ INFO ] [OdontologoService:43] se inicio la busqueda del odontologo con id: 1
[2022-12-11 21:50:59] [ INFO ] [OdontologoService:43] se inicio la busqueda del odontologo con id: 1
[2022-12-11 21:50:59] [ WARN ] [OdontologoService:32] se ha eliminado el odontologo con id: 1
[2022-12-11 21:51:36] [ INFO ] [OdontologoService:47] Se ha iniciado la operacino de listar todos los odontologos
[2022-12-11 21:52:42] [ INFO ] [OdontologoService:25] Se ha iniciado el guardado del odontologo con id, nombre y apellido: nullMonica Alzate
[2022-12-11 21:52:49] [ INFO ] [OdontologoService:25] Se ha iniciado el guardado del odontologo con id, nombre y apellido: nullalma maria
[2022-12-11 21:53:12] [ INFO ] [OdontologoService:47] Se ha iniciado la operacino de listar todos los odontologos
[2022-12-11 21:53:22] [ INFO ] [OdontologoService:43] se inicio la busqueda del odontologo con id: 3
[2022-12-11 21:53:22] [ INFO ] [OdontologoService:43] se inicio la busqueda del odontologo con id: 3
[2022-12-11 21:53:22] [ WARN ] [OdontologoService:32] se ha eliminado el odontologo con id: 3
[2022-12-11 21:55:03] [ INFO ] [OdontologoService:47] Se ha iniciado la operacino de listar todos los odontologos
[2022-12-11 21:55:12] [ INFO ] [OdontologoService:25] Se ha iniciado el guardado del odontologo con id, nombre y apellido: nullMonica Alzate
[2022-12-11 21:55:20] [ INFO ] [OdontologoService:25] Se ha iniciado el guardado del odontologo con id, nombre y apellido: nullkjahpi jvnao
[2022-12-11 21:55:26] [ INFO ] [OdontologoService:47] Se ha iniciado la operacino de listar todos los odontologos
[2022-12-11 21:55:30] [ INFO ] [OdontologoService:43] se inicio la busqueda del odontologo con id: 2
[2022-12-11 21:55:30] [ INFO ] [OdontologoService:43] se inicio la busqueda del odontologo con id: 2
[2022-12-11 21:55:30] [ WARN ] [OdontologoService:32] se ha eliminado el odontologo con id: 2
[2022-12-11 22:04:23] [ INFO ] [OdontologoService:25] Se ha iniciado el guardado del odontologo con id, nombre y apellido: nullMonica Alzate
[2022-12-11 22:04:30] [ INFO ] [OdontologoService:46] Se ha iniciado la operacino de listar todos los odontologos
[2022-12-11 22:04:33] [ INFO ] [OdontologoService:42] se inicio la busqueda del odontologo con id: 1
[2022-12-11 22:04:38] [ INFO ] [OdontologoService:42] se inicio la busqueda del odontologo con id: 1
[2022-12-11 22:04:38] [ INFO ] [OdontologoService:38] Se ha iniciado la actualizacion del odontologo con id: 1
[2022-12-11 22:04:38] [ INFO ] [OdontologoService:46] Se ha iniciado la operacino de listar todos los odontologos
[2022-12-11 22:05:40] [ INFO ] [OdontologoService:25] Se ha iniciado el guardado del odontologo con id, nombre y apellido: nullMonica Maria Munoz Alzate
[2022-12-11 22:05:44] [ INFO ] [OdontologoService:46] Se ha iniciado la operacino de listar todos los odontologos
[2022-12-11 22:10:14] [ INFO ] [OdontologoService:25] Se ha iniciado el guardado del odontologo con id, nombre y apellido: nullMonica Alzate
[2022-12-11 22:10:19] [ INFO ] [OdontologoService:46] Se ha iniciado la operacino de listar todos los odontologos
[2022-12-11 22:10:23] [ INFO ] [OdontologoService:42] se inicio la busqueda del odontologo con id: 1
[2022-12-11 22:10:23] [ INFO ] [OdontologoService:42] se inicio la busqueda del odontologo con id: 1
[2022-12-11 22:10:23] [ WARN ] [OdontologoService:32] se ha eliminado el odontologo con id: 1
[2022-12-11 22:11:12] [ INFO ] [PacienteService:26] Se ha iniciado el guardado. 
[2022-12-11 22:11:25] [ INFO ] [PacienteService:52] Se estan listando todos lo pacientes.
[2022-12-11 22:11:28] [ INFO ] [PacienteService:31] Se ha iniciado el proceso de busqueda del paciente con id: 1
[2022-12-11 22:11:43] [ INFO ] [PacienteService:31] Se ha iniciado el proceso de busqueda del paciente con id: null
[2022-12-11 22:11:44] [ INFO ] [PacienteService:52] Se estan listando todos lo pacientes.
[2022-12-11 22:11:48] [ INFO ] [PacienteService:31] Se ha iniciado el proceso de busqueda del paciente con id: 1
[2022-12-11 22:11:48] [ INFO ] [PacienteService:31] Se ha iniciado el proceso de busqueda del paciente con id: 1
[2022-12-11 22:11:48] [ WARN ] [PacienteService:43] se ha eliminado el paciente con id: 1
[2022-12-11 22:13:34] [ INFO ] [PacienteService:26] Se ha iniciado el guardado. 
[2022-12-11 22:13:38] [ INFO ] [PacienteService:52] Se estan listando todos lo pacientes.
[2022-12-11 22:13:41] [ INFO ] [PacienteService:31] Se ha iniciado el proceso de busqueda del paciente con id: 1
[2022-12-11 22:13:41] [ INFO ] [PacienteService:31] Se ha iniciado el proceso de busqueda del paciente con id: 1
[2022-12-11 22:13:41] [ WARN ] [PacienteService:43] se ha eliminado el paciente con id: 1
[2022-12-11 22:15:56] [ INFO ] [PacienteService:26] Se ha iniciado el guardado. 
[2022-12-11 22:16:01] [ INFO ] [PacienteService:51] Se estan listando todos lo pacientes.
[2022-12-11 22:16:04] [ INFO ] [PacienteService:31] Se ha iniciado el proceso de busqueda del paciente con id: 1
[2022-12-11 22:16:04] [ INFO ] [PacienteService:31] Se ha iniciado el proceso de busqueda del paciente con id: 1
[2022-12-11 22:16:04] [ WARN ] [PacienteService:43] se ha eliminado el paciente con id: 1
[2022-12-11 22:17:07] [ INFO ] [OdontologoService:25] Se ha iniciado el guardado del odontologo con id, nombre y apellido: nullMonica Alzate
[2022-12-11 22:17:25] [ INFO ] [PacienteService:26] Se ha iniciado el guardado. 
[2022-12-11 22:17:37] [ INFO ] [PacienteService:31] Se ha iniciado el proceso de busqueda del paciente con id: 1
[2022-12-11 22:17:46] [ WARN ] [TurnoService:84] Se ha inicializado el proceso de listado de todos los turnos en base de datos.
[2022-12-11 22:24:26] [ INFO ] [OdontologoService:25] Se ha iniciado el guardado del odontologo con id, nombre y apellido: nullMonica Alzate
[2022-12-11 22:24:43] [ INFO ] [PacienteService:26] Se ha iniciado el guardado. 
[2022-12-11 22:27:35] [ INFO ] [OdontologoService:25] Se ha iniciado el guardado del odontologo con id, nombre y apellido: nullMonica Alzate
[2022-12-11 22:27:49] [ INFO ] [PacienteService:26] Se ha iniciado el guardado. 
[2022-12-11 22:28:08] [ INFO ] [PacienteService:31] Se ha iniciado el proceso de busqueda del paciente con id: 1
[2022-12-11 22:28:08] [ INFO ] [OdontologoService:42] se inicio la busqueda del odontologo con id: 1
[2022-12-11 22:28:08] [ INFO ] [TurnoService:60] Se ha iniciado el proceso de guardado del turno. 
[2022-12-11 22:31:40] [ INFO ] [OdontologoService:25] Se ha iniciado el guardado del odontologo con id, nombre y apellido: nullMonica Alzate
[2022-12-11 22:31:53] [ INFO ] [PacienteService:26] Se ha iniciado el guardado. 
[2022-12-11 22:32:06] [ INFO ] [PacienteService:31] Se ha iniciado el proceso de busqueda del paciente con id: 1
[2022-12-11 22:32:06] [ INFO ] [OdontologoService:42] se inicio la busqueda del odontologo con id: 1
[2022-12-11 22:32:06] [ INFO ] [TurnoService:60] Se ha iniciado el proceso de guardado del turno. 
[2022-12-11 22:32:11] [ WARN ] [TurnoService:84] Se ha inicializado el proceso de listado de todos los turnos en base de datos.
[2022-12-11 22:40:11] [ INFO ] [OdontologoService:25] Se ha iniciado el guardado del odontologo con id, nombre y apellido: nullMonica Alzate
[2022-12-11 22:40:25] [ INFO ] [PacienteService:26] Se ha iniciado el guardado. 
[2022-12-11 22:40:36] [ INFO ] [PacienteService:31] Se ha iniciado el proceso de busqueda del paciente con id: 1
[2022-12-11 22:40:36] [ INFO ] [OdontologoService:42] se inicio la busqueda del odontologo con id: 1
[2022-12-11 22:40:36] [ INFO ] [TurnoService:60] Se ha iniciado el proceso de guardado del turno. 
[2022-12-11 22:40:41] [ WARN ] [TurnoService:84] Se ha inicializado el proceso de listado de todos los turnos en base de datos.
[2022-12-11 22:44:13] [ INFO ] [OdontologoService:25] Se ha iniciado el guardado del odontologo con id, nombre y apellido: nullMonica Alzate
[2022-12-11 22:44:26] [ INFO ] [PacienteService:26] Se ha iniciado el guardado. 
[2022-12-11 22:44:35] [ INFO ] [PacienteService:26] Se ha iniciado el guardado. 
[2022-12-11 22:44:52] [ INFO ] [PacienteService:31] Se ha iniciado el proceso de busqueda del paciente con id: 1
[2022-12-11 22:44:52] [ INFO ] [OdontologoService:42] se inicio la busqueda del odontologo con id: 1
[2022-12-11 22:44:52] [ INFO ] [TurnoService:60] Se ha iniciado el proceso de guardado del turno. 
[2022-12-11 22:44:57] [ WARN ] [TurnoService:84] Se ha inicializado el proceso de listado de todos los turnos en base de datos.
[2022-12-11 22:47:21] [ INFO ] [OdontologoService:25] Se ha iniciado el guardado del odontologo con id, nombre y apellido: nullMonica Alzate
[2022-12-11 22:47:34] [ INFO ] [PacienteService:26] Se ha iniciado el guardado. 
[2022-12-11 22:47:44] [ INFO ] [PacienteService:31] Se ha iniciado el proceso de busqueda del paciente con id: 1
[2022-12-11 22:47:44] [ INFO ] [OdontologoService:42] se inicio la busqueda del odontologo con id: 1
[2022-12-11 22:47:44] [ INFO ] [TurnoService:60] Se ha iniciado el proceso de guardado del turno. 
[2022-12-11 22:47:48] [ WARN ] [TurnoService:84] Se ha inicializado el proceso de listado de todos los turnos en base de datos.
[2022-12-11 22:48:38] [ INFO ] [OdontologoService:25] Se ha iniciado el guardado del odontologo con id, nombre y apellido: nullMonica Alzate
[2022-12-11 22:48:51] [ INFO ] [PacienteService:26] Se ha iniciado el guardado. 
[2022-12-11 22:49:02] [ INFO ] [PacienteService:31] Se ha iniciado el proceso de busqueda del paciente con id: 1
[2022-12-11 22:49:02] [ INFO ] [OdontologoService:42] se inicio la busqueda del odontologo con id: 1
[2022-12-11 22:49:02] [ INFO ] [TurnoService:60] Se ha iniciado el proceso de guardado del turno. 
[2022-12-11 22:49:06] [ WARN ] [TurnoService:84] Se ha inicializado el proceso de listado de todos los turnos en base de datos.
[2022-12-11 22:50:48] [ INFO ] [OdontologoService:25] Se ha iniciado el guardado del odontologo con id, nombre y apellido: nullMonica Alzate
[2022-12-11 22:51:02] [ INFO ] [PacienteService:26] Se ha iniciado el guardado. 
[2022-12-11 22:51:15] [ INFO ] [PacienteService:31] Se ha iniciado el proceso de busqueda del paciente con id: 1
[2022-12-11 22:51:15] [ INFO ] [OdontologoService:42] se inicio la busqueda del odontologo con id: 1
[2022-12-11 22:51:15] [ INFO ] [TurnoService:60] Se ha iniciado el proceso de guardado del turno. 
[2022-12-11 22:53:40] [ INFO ] [OdontologoService:25] Se ha iniciado el guardado del odontologo con id, nombre y apellido: nullMonica Alzate
[2022-12-11 22:53:55] [ INFO ] [PacienteService:26] Se ha iniciado el guardado. 
[2022-12-11 22:54:06] [ INFO ] [PacienteService:31] Se ha iniciado el proceso de busqueda del paciente con id: 1
[2022-12-11 22:54:06] [ INFO ] [OdontologoService:42] se inicio la busqueda del odontologo con id: 1
[2022-12-11 22:54:06] [ INFO ] [TurnoService:60] Se ha iniciado el proceso de guardado del turno. 
[2022-12-11 22:56:26] [ INFO ] [OdontologoService:25] Se ha iniciado el guardado del odontologo con id, nombre y apellido: nullMonica Alzate
[2022-12-11 22:56:41] [ INFO ] [PacienteService:26] Se ha iniciado el guardado. 
[2022-12-11 22:56:50] [ INFO ] [PacienteService:31] Se ha iniciado el proceso de busqueda del paciente con id: 1
[2022-12-11 22:56:50] [ INFO ] [OdontologoService:42] se inicio la busqueda del odontologo con id: 1
[2022-12-11 22:56:50] [ INFO ] [TurnoService:60] Se ha iniciado el proceso de guardado del turno. 
[2022-12-11 22:58:34] [ INFO ] [OdontologoService:25] Se ha iniciado el guardado del odontologo con id, nombre y apellido: nullMonica Alzate
[2022-12-11 22:58:50] [ INFO ] [PacienteService:26] Se ha iniciado el guardado. 
[2022-12-11 22:59:00] [ INFO ] [PacienteService:31] Se ha iniciado el proceso de busqueda del paciente con id: 1
[2022-12-11 22:59:00] [ INFO ] [OdontologoService:42] se inicio la busqueda del odontologo con id: 1
[2022-12-11 22:59:00] [ INFO ] [TurnoService:60] Se ha iniciado el proceso de guardado del turno. 
[2022-12-11 23:01:53] [ INFO ] [OdontologoService:25] Se ha iniciado el guardado del odontologo con id, nombre y apellido: nullMonica Alzate
[2022-12-11 23:02:02] [ INFO ] [OdontologoService:25] Se ha iniciado el guardado del odontologo con id, nombre y apellido: nullMonica Alzate
[2022-12-11 23:02:16] [ INFO ] [PacienteService:26] Se ha iniciado el guardado. 
[2022-12-11 23:02:28] [ INFO ] [PacienteService:31] Se ha iniciado el proceso de busqueda del paciente con id: 1
[2022-12-11 23:02:28] [ INFO ] [OdontologoService:42] se inicio la busqueda del odontologo con id: 1
[2022-12-11 23:02:28] [ INFO ] [TurnoService:60] Se ha iniciado el proceso de guardado del turno. 
[2022-12-11 23:02:32] [ WARN ] [TurnoService:84] Se ha inicializado el proceso de listado de todos los turnos en base de datos.
[2022-12-11 23:04:24] [ INFO ] [OdontologoService:25] Se ha iniciado el guardado del odontologo con id, nombre y apellido: nullMonica Alzate
[2022-12-11 23:04:36] [ INFO ] [PacienteService:26] Se ha iniciado el guardado. 
[2022-12-11 23:04:47] [ INFO ] [PacienteService:31] Se ha iniciado el proceso de busqueda del paciente con id: 1
[2022-12-11 23:04:47] [ INFO ] [OdontologoService:42] se inicio la busqueda del odontologo con id: 1
[2022-12-11 23:04:47] [ INFO ] [TurnoService:60] Se ha iniciado el proceso de guardado del turno. 
[2022-12-11 23:04:51] [ WARN ] [TurnoService:84] Se ha inicializado el proceso de listado de todos los turnos en base de datos.
[2022-12-11 23:11:29] [ INFO ] [OdontologoService:25] Se ha iniciado el guardado del odontologo con id, nombre y apellido: nullMonica Alzate
[2022-12-11 23:11:43] [ INFO ] [PacienteService:26] Se ha iniciado el guardado. 
[2022-12-11 23:11:52] [ INFO ] [PacienteService:31] Se ha iniciado el proceso de busqueda del paciente con id: 1
[2022-12-11 23:11:52] [ INFO ] [OdontologoService:42] se inicio la busqueda del odontologo con id: 1
[2022-12-11 23:11:52] [ INFO ] [TurnoService:60] Se ha iniciado el proceso de guardado del turno. 
[2022-12-11 23:11:57] [ WARN ] [TurnoService:84] Se ha inicializado el proceso de listado de todos los turnos en base de datos.
[2022-12-11 23:13:19] [ INFO ] [OdontologoService:25] Se ha iniciado el guardado del odontologo con id, nombre y apellido: nullMonica Alzate
[2022-12-11 23:13:30] [ INFO ] [PacienteService:26] Se ha iniciado el guardado. 
[2022-12-11 23:13:40] [ INFO ] [PacienteService:31] Se ha iniciado el proceso de busqueda del paciente con id: 1
[2022-12-11 23:13:40] [ INFO ] [OdontologoService:42] se inicio la busqueda del odontologo con id: 1
[2022-12-11 23:13:40] [ INFO ] [TurnoService:60] Se ha iniciado el proceso de guardado del turno. 
[2022-12-11 23:13:44] [ WARN ] [TurnoService:84] Se ha inicializado el proceso de listado de todos los turnos en base de datos.
[2022-12-11 23:14:27] [ INFO ] [OdontologoService:25] Se ha iniciado el guardado del odontologo con id, nombre y apellido: nullMonica Alzate
[2022-12-11 23:14:40] [ INFO ] [PacienteService:26] Se ha iniciado el guardado. 
[2022-12-11 23:14:46] [ WARN ] [TurnoService:84] Se ha inicializado el proceso de listado de todos los turnos en base de datos.
[2022-12-11 23:15:48] [ INFO ] [OdontologoService:25] Se ha iniciado el guardado del odontologo con id, nombre y apellido: nullMonica Alzate
[2022-12-11 23:16:06] [ INFO ] [PacienteService:26] Se ha iniciado el guardado. 
[2022-12-11 23:16:19] [ INFO ] [PacienteService:31] Se ha iniciado el proceso de busqueda del paciente con id: 1
[2022-12-11 23:16:19] [ INFO ] [OdontologoService:42] se inicio la busqueda del odontologo con id: 1
[2022-12-11 23:16:19] [ INFO ] [TurnoService:60] Se ha iniciado el proceso de guardado del turno. 
[2022-12-11 23:16:48] [ WARN ] [TurnoService:84] Se ha inicializado el proceso de listado de todos los turnos en base de datos.
[2022-12-11 23:31:16] [ WARN ] [TurnoService:84] Se ha inicializado el proceso de listado de todos los turnos en base de datos.
[2022-12-11 23:31:22] [ INFO ] [OdontologoService:25] Se ha iniciado el guardado del odontologo con id, nombre y apellido: nullMonica Alzate
[2022-12-11 23:31:34] [ INFO ] [PacienteService:26] Se ha iniciado el guardado. 
[2022-12-11 23:31:44] [ INFO ] [PacienteService:31] Se ha iniciado el proceso de busqueda del paciente con id: 1
[2022-12-11 23:31:44] [ INFO ] [OdontologoService:42] se inicio la busqueda del odontologo con id: 1
[2022-12-11 23:31:44] [ INFO ] [TurnoService:60] Se ha iniciado el proceso de guardado del turno. 
[2022-12-11 23:31:47] [ WARN ] [TurnoService:84] Se ha inicializado el proceso de listado de todos los turnos en base de datos.
[2022-12-12 08:52:58] [ WARN ] [TurnoService:84] Se ha inicializado el proceso de listado de todos los turnos en base de datos.
[2022-12-12 08:53:06] [ INFO ] [OdontologoService:25] Se ha iniciado el guardado del odontologo con id, nombre y apellido: nullMonica Alzate
[2022-12-12 08:53:19] [ INFO ] [PacienteService:26] Se ha iniciado el guardado. 
[2022-12-12 08:53:29] [ INFO ] [PacienteService:31] Se ha iniciado el proceso de busqueda del paciente con id: 1
[2022-12-12 08:53:29] [ INFO ] [OdontologoService:42] se inicio la busqueda del odontologo con id: 1
[2022-12-12 08:53:29] [ INFO ] [TurnoService:60] Se ha iniciado el proceso de guardado del turno. 
[2022-12-12 08:53:44] [ WARN ] [TurnoService:84] Se ha inicializado el proceso de listado de todos los turnos en base de datos.
[2022-12-12 08:59:41] [ INFO ] [OdontologoService:25] Se ha iniciado el guardado del odontologo con id, nombre y apellido: nullMonica Alzate
[2022-12-12 09:00:00] [ INFO ] [PacienteService:26] Se ha iniciado el guardado. 
[2022-12-12 09:00:13] [ INFO ] [PacienteService:31] Se ha iniciado el proceso de busqueda del paciente con id: 1
[2022-12-12 09:00:13] [ INFO ] [OdontologoService:42] se inicio la busqueda del odontologo con id: 1
[2022-12-12 09:00:13] [ INFO ] [TurnoService:60] Se ha iniciado el proceso de guardado del turno. 
[2022-12-12 09:00:18] [ WARN ] [TurnoService:84] Se ha inicializado el proceso de listado de todos los turnos en base de datos.
[2022-12-12 09:06:47] [ INFO ] [PacienteService:31] Se ha iniciado el proceso de busqueda del paciente con id: 1
[2022-12-12 09:06:47] [ INFO ] [OdontologoService:42] se inicio la busqueda del odontologo con id: 1
[2022-12-12 09:06:47] [ INFO ] [TurnoService:60] Se ha iniciado el proceso de guardado del turno. 
[2022-12-12 09:06:51] [ WARN ] [TurnoService:84] Se ha inicializado el proceso de listado de todos los turnos en base de datos.
[2022-12-12 10:10:06] [ INFO ] [PacienteService:26] Se ha iniciado el guardado. 
[2022-12-12 10:12:25] [ INFO ] [OdontologoService:25] Se ha iniciado el guardado del odontologo con id, nombre y apellido: nullSimon SinDientes
[2022-12-12 10:18:14] [ INFO ] [OdontologoService:25] Se ha iniciado el guardado del odontologo con id, nombre y apellido: nullSimon SinDientes
[2022-12-12 10:18:15] [ INFO ] [OdontologoService:42] se inicio la busqueda del odontologo con id: 1
[2022-12-12 10:18:15] [ WARN ] [OdontologoService:32] se ha eliminado el odontologo con id: 1
[2022-12-12 10:18:15] [ INFO ] [OdontologoService:42] se inicio la busqueda del odontologo con id: 1
[2022-12-12 10:18:15] [ INFO ] [OdontologoService:38] Se ha iniciado la actualizacion del odontologo con id: 1
[2022-12-12 10:18:15] [ INFO ] [OdontologoService:42] se inicio la busqueda del odontologo con id: 1
[2022-12-12 10:18:15] [ INFO ] [OdontologoService:42] se inicio la busqueda del odontologo con id: 1
[2022-12-12 10:18:15] [ INFO ] [OdontologoService:46] Se ha iniciado la operacino de listar todos los odontologos
[2022-12-12 10:22:11] [ INFO ] [OdontologoService:42] se inicio la busqueda del odontologo con id: 1
[2022-12-12 10:23:03] [ INFO ] [OdontologoService:38] Se ha iniciado la actualizacion del odontologo con id: 1
[2022-12-12 10:23:04] [ INFO ] [OdontologoService:42] se inicio la busqueda del odontologo con id: 1
[2022-12-12 10:24:02] [ INFO ] [OdontologoService:38] Se ha iniciado la actualizacion del odontologo con id: 1
[2022-12-12 10:24:02] [ INFO ] [OdontologoService:42] se inicio la busqueda del odontologo con id: 1
[2022-12-12 10:24:43] [ INFO ] [OdontologoService:38] Se ha iniciado la actualizacion del odontologo con id: 1
[2022-12-12 10:24:43] [ INFO ] [OdontologoService:42] se inicio la busqueda del odontologo con id: 1
[2022-12-12 10:25:08] [ INFO ] [OdontologoService:42] se inicio la busqueda del odontologo con id: 1
[2022-12-12 10:25:31] [ INFO ] [OdontologoService:25] Se ha iniciado el guardado del odontologo con id, nombre y apellido: nullSimon SinDientes
[2022-12-12 10:25:31] [ INFO ] [OdontologoService:42] se inicio la busqueda del odontologo con id: 1
[2022-12-12 10:25:31] [ WARN ] [OdontologoService:32] se ha eliminado el odontologo con id: 1
[2022-12-12 10:25:31] [ INFO ] [OdontologoService:42] se inicio la busqueda del odontologo con id: 1
[2022-12-12 10:25:31] [ INFO ] [OdontologoService:38] Se ha iniciado la actualizacion del odontologo con id: 1
[2022-12-12 10:25:31] [ INFO ] [OdontologoService:42] se inicio la busqueda del odontologo con id: 1
[2022-12-12 10:25:31] [ INFO ] [OdontologoService:42] se inicio la busqueda del odontologo con id: 1
[2022-12-12 10:25:31] [ INFO ] [OdontologoService:46] Se ha iniciado la operacino de listar todos los odontologos
[2022-12-12 10:26:39] [ INFO ] [OdontologoService:25] Se ha iniciado el guardado del odontologo con id, nombre y apellido: nullSimon SinDientes
[2022-12-12 10:26:40] [ INFO ] [OdontologoService:38] Se ha iniciado la actualizacion del odontologo con id: 1
[2022-12-12 10:26:40] [ INFO ] [OdontologoService:42] se inicio la busqueda del odontologo con id: 1
[2022-12-12 10:26:40] [ INFO ] [OdontologoService:42] se inicio la busqueda del odontologo con id: 1
[2022-12-12 10:26:40] [ INFO ] [OdontologoService:46] Se ha iniciado la operacino de listar todos los odontologos
[2022-12-12 10:26:40] [ INFO ] [OdontologoService:42] se inicio la busqueda del odontologo con id: 1
[2022-12-12 10:26:40] [ WARN ] [OdontologoService:32] se ha eliminado el odontologo con id: 1
[2022-12-12 10:26:40] [ INFO ] [OdontologoService:42] se inicio la busqueda del odontologo con id: 1
[2022-12-12 10:28:02] [ INFO ] [PacienteService:26] Se ha iniciado el guardado. 
[2022-12-12 10:28:38] [ INFO ] [PacienteService:26] Se ha iniciado el guardado. 
[2022-12-12 10:28:38] [ INFO ] [PacienteService:31] Se ha iniciado el proceso de busqueda del paciente con id: 1
[2022-12-12 10:28:38] [ INFO ] [PacienteService:35] Se ha iniciado la actualizacion del paciente con id: 1
[2022-12-12 10:28:38] [ INFO ] [PacienteService:31] Se ha iniciado el proceso de busqueda del paciente con id: 1
[2022-12-12 10:28:38] [ INFO ] [PacienteService:51] Se estan listando todos lo pacientes.
[2022-12-12 10:28:38] [ INFO ] [PacienteService:31] Se ha iniciado el proceso de busqueda del paciente con id: 1
[2022-12-12 10:28:38] [ WARN ] [PacienteService:43] se ha eliminado el paciente con id: 1
[2022-12-12 10:28:38] [ INFO ] [PacienteService:31] Se ha iniciado el proceso de busqueda del paciente con id: 1
[2022-12-12 10:30:06] [ INFO ] [PacienteService:26] Se ha iniciado el guardado. 
[2022-12-12 10:30:06] [ INFO ] [PacienteService:31] Se ha iniciado el proceso de busqueda del paciente con id: 1
[2022-12-12 10:30:06] [ INFO ] [PacienteService:35] Se ha iniciado la actualizacion del paciente con id: 1
[2022-12-12 10:30:07] [ INFO ] [PacienteService:31] Se ha iniciado el proceso de busqueda del paciente con id: 1
[2022-12-12 10:30:07] [ INFO ] [PacienteService:51] Se estan listando todos lo pacientes.
[2022-12-12 10:30:07] [ INFO ] [PacienteService:31] Se ha iniciado el proceso de busqueda del paciente con id: 1
[2022-12-12 10:30:07] [ WARN ] [PacienteService:43] se ha eliminado el paciente con id: 1
[2022-12-12 10:30:07] [ INFO ] [PacienteService:31] Se ha iniciado el proceso de busqueda del paciente con id: 1
[2022-12-12 10:44:56] [ INFO ] [OdontologoService:25] Se ha iniciado el guardado del odontologo con id, nombre y apellido: nullAda DeLosDientes
[2022-12-12 10:44:56] [ INFO ] [PacienteService:26] Se ha iniciado el guardado. 
[2022-12-12 10:44:56] [ INFO ] [OdontologoService:25] Se ha iniciado el guardado del odontologo con id, nombre y apellido: nullPablo Caries
[2022-12-12 10:44:56] [ INFO ] [PacienteService:26] Se ha iniciado el guardado. 
[2022-12-12 10:44:57] [ INFO ] [TurnoService:74] Se ha inicializado el proceso de actualizacion del turno con id: 1
[2022-12-12 10:44:57] [ INFO ] [TurnoService:66] Se ha inicializado el proceso de busqueda del turno con id: 1
[2022-12-12 10:44:57] [ INFO ] [TurnoService:84] Se ha inicializado el proceso de listado de todos los turnos en base de datos.
[2022-12-12 10:44:57] [ WARN ] [TurnoService:78] Se ha eliminado el turno con id:1
[2022-12-12 10:48:12] [ WARN ] [TurnoService:78] Se ha eliminado el turno con id:1
[2022-12-12 10:49:14] [ WARN ] [TurnoService:78] Se ha eliminado el turno con id:1
[2022-12-12 10:49:51] [ INFO ] [OdontologoService:25] Se ha iniciado el guardado del odontologo con id, nombre y apellido: nullAda DeLosDientes
[2022-12-12 10:49:51] [ INFO ] [PacienteService:26] Se ha iniciado el guardado. 
[2022-12-12 10:49:51] [ INFO ] [OdontologoService:25] Se ha iniciado el guardado del odontologo con id, nombre y apellido: nullPablo Caries
[2022-12-12 10:49:51] [ INFO ] [PacienteService:26] Se ha iniciado el guardado. 
[2022-12-12 10:49:51] [ INFO ] [TurnoService:74] Se ha inicializado el proceso de actualizacion del turno con id: 1
[2022-12-12 10:49:51] [ INFO ] [TurnoService:66] Se ha inicializado el proceso de busqueda del turno con id: 1
[2022-12-12 10:49:52] [ INFO ] [TurnoService:84] Se ha inicializado el proceso de listado de todos los turnos en base de datos.
[2022-12-12 10:49:52] [ WARN ] [TurnoService:78] Se ha eliminado el turno con id:1
[2022-12-12 10:53:18] [ INFO ] [OdontologoService:25] Se ha iniciado el guardado del odontologo con id, nombre y apellido: nullAda DeLosDientes
[2022-12-12 10:53:18] [ INFO ] [PacienteService:26] Se ha iniciado el guardado. 
[2022-12-12 10:53:18] [ INFO ] [OdontologoService:25] Se ha iniciado el guardado del odontologo con id, nombre y apellido: nullPablo Caries
[2022-12-12 10:53:18] [ INFO ] [PacienteService:26] Se ha iniciado el guardado. 
[2022-12-12 10:53:18] [ INFO ] [TurnoService:74] Se ha inicializado el proceso de actualizacion del turno con id: 1
[2022-12-12 10:53:18] [ INFO ] [TurnoService:66] Se ha inicializado el proceso de busqueda del turno con id: 1
[2022-12-12 10:53:18] [ INFO ] [TurnoService:84] Se ha inicializado el proceso de listado de todos los turnos en base de datos.
[2022-12-12 10:53:18] [ WARN ] [TurnoService:78] Se ha eliminado el turno con id:1
[2022-12-12 10:53:51] [ INFO ] [OdontologoService:25] Se ha iniciado el guardado del odontologo con id, nombre y apellido: nullAda DeLosDientes
[2022-12-12 10:53:51] [ INFO ] [PacienteService:26] Se ha iniciado el guardado. 
[2022-12-12 10:53:51] [ INFO ] [OdontologoService:25] Se ha iniciado el guardado del odontologo con id, nombre y apellido: nullPablo Caries
[2022-12-12 10:53:51] [ INFO ] [PacienteService:26] Se ha iniciado el guardado. 
[2022-12-12 10:53:51] [ INFO ] [TurnoService:74] Se ha inicializado el proceso de actualizacion del turno con id: 1
[2022-12-12 10:53:51] [ INFO ] [TurnoService:66] Se ha inicializado el proceso de busqueda del turno con id: 1
[2022-12-12 10:53:51] [ INFO ] [TurnoService:84] Se ha inicializado el proceso de listado de todos los turnos en base de datos.
[2022-12-12 10:53:51] [ WARN ] [TurnoService:78] Se ha eliminado el turno con id:1
[2022-12-12 10:55:09] [ INFO ] [OdontologoService:25] Se ha iniciado el guardado del odontologo con id, nombre y apellido: nullAda DeLosDientes
[2022-12-12 10:55:09] [ INFO ] [PacienteService:26] Se ha iniciado el guardado. 
[2022-12-12 10:55:09] [ INFO ] [OdontologoService:25] Se ha iniciado el guardado del odontologo con id, nombre y apellido: nullPablo Caries
[2022-12-12 10:55:09] [ INFO ] [PacienteService:26] Se ha iniciado el guardado. 
[2022-12-12 10:55:09] [ INFO ] [TurnoService:74] Se ha inicializado el proceso de actualizacion del turno con id: 1
[2022-12-12 10:55:09] [ INFO ] [TurnoService:66] Se ha inicializado el proceso de busqueda del turno con id: 1
[2022-12-12 10:55:09] [ INFO ] [TurnoService:84] Se ha inicializado el proceso de listado de todos los turnos en base de datos.
[2022-12-12 10:55:09] [ WARN ] [TurnoService:78] Se ha eliminado el turno con id:1
[2022-12-12 10:55:53] [ INFO ] [TurnoService:84] Se ha inicializado el proceso de listado de todos los turnos en base de datos.
[2022-12-12 10:55:59] [ INFO ] [OdontologoService:25] Se ha iniciado el guardado del odontologo con id, nombre y apellido: nullMonica Alzate
[2022-12-12 10:56:11] [ INFO ] [PacienteService:26] Se ha iniciado el guardado. 
[2022-12-12 10:56:23] [ INFO ] [PacienteService:31] Se ha iniciado el proceso de busqueda del paciente con id: 1
[2022-12-12 10:56:23] [ INFO ] [OdontologoService:42] se inicio la busqueda del odontologo con id: 1
[2022-12-12 10:56:23] [ INFO ] [TurnoService:60] Se ha iniciado el proceso de guardado del turno. 
[2022-12-12 10:56:26] [ INFO ] [TurnoService:84] Se ha inicializado el proceso de listado de todos los turnos en base de datos.
[2022-12-12 10:57:28] [ INFO ] [TurnoService:66] Se ha inicializado el proceso de busqueda del turno con id: 1
[2022-12-12 10:57:28] [ WARN ] [TurnoService:78] Se ha eliminado el turno con id:1
[2022-12-12 10:57:45] [ INFO ] [PacienteService:31] Se ha iniciado el proceso de busqueda del paciente con id: 1
[2022-12-12 10:57:45] [ INFO ] [OdontologoService:42] se inicio la busqueda del odontologo con id: 1
[2022-12-12 10:57:45] [ INFO ] [TurnoService:60] Se ha iniciado el proceso de guardado del turno. 
[2022-12-12 10:57:49] [ INFO ] [TurnoService:84] Se ha inicializado el proceso de listado de todos los turnos en base de datos.
[2022-12-12 10:57:50] [ INFO ] [TurnoService:66] Se ha inicializado el proceso de busqueda del turno con id: 2
[2022-12-12 11:00:46] [ INFO ] [OdontologoService:25] Se ha iniciado el guardado del odontologo con id, nombre y apellido: nullMonica Alzate
[2022-12-12 11:01:04] [ INFO ] [PacienteService:26] Se ha iniciado el guardado. 
[2022-12-12 11:01:37] [ INFO ] [PacienteService:31] Se ha iniciado el proceso de busqueda del paciente con id: 1
[2022-12-12 11:01:37] [ INFO ] [OdontologoService:42] se inicio la busqueda del odontologo con id: 1
[2022-12-12 11:01:37] [ INFO ] [TurnoService:60] Se ha iniciado el proceso de guardado del turno. 
[2022-12-12 11:01:42] [ INFO ] [TurnoService:84] Se ha inicializado el proceso de listado de todos los turnos en base de datos.
[2022-12-12 11:02:00] [ INFO ] [TurnoService:66] Se ha inicializado el proceso de busqueda del turno con id: 1
[2022-12-12 11:06:42] [ INFO ] [OdontologoService:25] Se ha iniciado el guardado del odontologo con id, nombre y apellido: nullMonica Alzate
[2022-12-12 11:06:59] [ INFO ] [PacienteService:26] Se ha iniciado el guardado. 
[2022-12-12 11:07:13] [ INFO ] [PacienteService:31] Se ha iniciado el proceso de busqueda del paciente con id: 1
[2022-12-12 11:07:13] [ INFO ] [OdontologoService:42] se inicio la busqueda del odontologo con id: 1
[2022-12-12 11:07:13] [ INFO ] [TurnoService:60] Se ha iniciado el proceso de guardado del turno. 
[2022-12-12 11:11:37] [ INFO ] [PacienteService:31] Se ha iniciado el proceso de busqueda del paciente con id: 1
[2022-12-12 11:11:37] [ INFO ] [OdontologoService:42] se inicio la busqueda del odontologo con id: 1
[2022-12-12 11:11:37] [ INFO ] [TurnoService:60] Se ha iniciado el proceso de guardado del turno. 
[2022-12-12 11:11:45] [ INFO ] [TurnoService:84] Se ha inicializado el proceso de listado de todos los turnos en base de datos.
[2022-12-12 11:11:52] [ INFO ] [TurnoService:66] Se ha inicializado el proceso de busqueda del turno con id: 1
[2022-12-12 11:11:52] [ WARN ] [TurnoService:78] Se ha eliminado el turno con id:1
[2022-12-12 11:11:53] [ INFO ] [TurnoService:66] Se ha inicializado el proceso de busqueda del turno con id: 2
[2022-12-12 11:12:01] [ INFO ] [TurnoService:84] Se ha inicializado el proceso de listado de todos los turnos en base de datos.
[2022-12-12 11:12:29] [ INFO ] [TurnoService:66] Se ha inicializado el proceso de busqueda del turno con id: 2
[2022-12-12 11:12:29] [ WARN ] [TurnoService:78] Se ha eliminado el turno con id:2
[2022-12-12 11:47:34] [ INFO ] [OdontologoService:25] Se ha iniciado el guardado del odontologo con id, nombre y apellido: nullSimon SinDientes
[2022-12-12 11:47:34] [ INFO ] [OdontologoService:38] Se ha iniciado la actualizacion del odontologo con id: 1
[2022-12-12 11:47:34] [ INFO ] [OdontologoService:42] se inicio la busqueda del odontologo con id: 1
[2022-12-12 11:47:34] [ INFO ] [OdontologoService:42] se inicio la busqueda del odontologo con id: 1
[2022-12-12 11:47:34] [ INFO ] [OdontologoService:46] Se ha iniciado la operacino de listar todos los odontologos
[2022-12-12 11:47:34] [ INFO ] [OdontologoService:42] se inicio la busqueda del odontologo con id: 1
[2022-12-12 11:47:34] [ WARN ] [OdontologoService:32] se ha eliminado el odontologo con id: 1
[2022-12-12 11:47:34] [ INFO ] [OdontologoService:42] se inicio la busqueda del odontologo con id: 1
